<?xml version="1.0" encoding="UTF-8"?>
<!-- Generated by org.testng.reporters.JUnitReportReporter -->
<testsuite hostname="LVDXB105886" failures="0" tests="1" name="testsuite.TicketBookingMain" time="96.006" errors="0" timestamp="2024-03-07T19:02:08 GST" skipped="0">
  <testcase classname="testsuite.TicketBookingMain" name="bookingTicketModule" time="96.006"/>
  <system-out/>
</testsuite> <!-- testsuite.TicketBookingMain -->
